[01m[K/home/keisoku/ros2_studies/src/minimal_subscriber_class_node/src/minimal_subscriber_main.cpp:1:10:[m[K [01;31m[Kfatal error: [m[Krclcpp.hpp: ãã®ã‚ˆã†ãªãƒ•ã‚¡ã‚¤ãƒ«ã‚„ãƒ‡ã‚£ãƒ¬ã‚¯ãƒˆãƒªã¯ã‚ã‚Šã¾ã›ã‚“
    1 | #include [01;31m[K<rclcpp.hpp>[m[K
      |          [01;31m[K^~~~~~~~~~~~[m[K
compilation terminated.
gmake[2]: *** [CMakeFiles/callback_subscriber_test.dir/build.make:76: CMakeFiles/callback_subscriber_test.dir/src/minimal_subscriber_main.cpp.o] ã‚¨ãƒ©ãƒ¼ 1
gmake[2]: *** æœªå®Œäº†ã®ã‚¸ãƒ§ãƒ–ã‚’å¾…ã£ã¦ã„ã¾ã™....
gmake[1]: *** [CMakeFiles/Makefile2:137: CMakeFiles/callback_subscriber_test.dir/all] ã‚¨ãƒ©ãƒ¼ 2
gmake: *** [Makefile:146: all] ã‚¨ãƒ©ãƒ¼ 2
