-- Found ament_cmake: 1.3.3 (/opt/ros/humble/share/ament_cmake/cmake)
-- Found rclcpp: 16.0.3 (/opt/ros/humble/share/rclcpp/cmake)
-- Found rosidl_generator_c: 3.1.4 (/opt/ros/humble/share/rosidl_generator_c/cmake)
-- Found rosidl_adapter: 3.1.4 (/opt/ros/humble/share/rosidl_adapter/cmake)
-- Found rosidl_generator_cpp: 3.1.4 (/opt/ros/humble/share/rosidl_generator_cpp/cmake)
-- Using all available rosidl_typesupport_c: rosidl_typesupport_fastrtps_c;rosidl_typesupport_introspection_c
-- Using all available rosidl_typesupport_cpp: rosidl_typesupport_fastrtps_cpp;rosidl_typesupport_introspection_cpp
-- Found rmw_implementation_cmake: 6.1.1 (/opt/ros/humble/share/rmw_implementation_cmake/cmake)
-- Found rmw_fastrtps_cpp: 6.2.2 (/opt/ros/humble/share/rmw_fastrtps_cpp/cmake)
-- Using RMW implementation 'rmw_fastrtps_cpp' as default
-- Found example_interfaces: 0.9.3 (/opt/ros/humble/share/example_interfaces/cmake)
-- Configuring done
-- Generating done
-- Build files have been written to: /home/keisoku/ros2_studies/build/minimal_subscriber_class_node
[ 33%] [32mBuilding CXX object CMakeFiles/callback_subscriber_test.dir/src/minimal_subscriber_main.cpp.o[0m
[ 66%] [32mBuilding CXX object CMakeFiles/callback_subscriber_test.dir/src/minimal_subscriber.cpp.o[0m
[01m[K/home/keisoku/ros2_studies/src/minimal_subscriber_class_node/src/minimal_subscriber_main.cpp:1:10:[m[K [01;31m[Kfatal error: [m[Krclcpp.hpp: ãã®ã‚ˆã†ãªãƒ•ã‚¡ã‚¤ãƒ«ã‚„ãƒ‡ã‚£ãƒ¬ã‚¯ãƒˆãƒªã¯ã‚ã‚Šã¾ã›ã‚“
    1 | #include [01;31m[K<rclcpp.hpp>[m[K
      |          [01;31m[K^~~~~~~~~~~~[m[K
compilation terminated.
gmake[2]: *** [CMakeFiles/callback_subscriber_test.dir/build.make:76: CMakeFiles/callback_subscriber_test.dir/src/minimal_subscriber_main.cpp.o] ã‚¨ãƒ©ãƒ¼ 1
gmake[2]: *** æœªå®Œäº†ã®ã‚¸ãƒ§ãƒ–ã‚’å¾…ã£ã¦ã„ã¾ã™....
gmake[1]: *** [CMakeFiles/Makefile2:137: CMakeFiles/callback_subscriber_test.dir/all] ã‚¨ãƒ©ãƒ¼ 2
gmake: *** [Makefile:146: all] ã‚¨ãƒ©ãƒ¼ 2
